Using pre-set license

 COMMAND LINE ARGUMENTS:
/Applications/Unity/Hub/Editor/2020.2.2f1/Unity.app/Contents/MacOS/Unity
-adb2
-batchMode
-noUpm
-name
AssetImportWorker0
-projectPath
/Users/cadephillips/Downloads/SnailDetective/SnailDetectiveGame
-logFile
Logs/AssetImportWorker0.log
-srvPort
51350
Successfully changed project path to: /Users/cadephillips/Downloads/SnailDetective/SnailDetectiveGame
/Users/cadephillips/Downloads/SnailDetective/SnailDetectiveGame
Using Asset Import Pipeline V2.
Refreshing native plugins compatible for Editor in 104.48 ms, found 2 plugins.
Preloading 0 native plugins for Editor in 0.00 ms.
Initialize engine version: 2020.2.2f1 (068178b99f32)
[Subsystems] Discovering subsystems at path /Applications/Unity/Hub/Editor/2020.2.2f1/Unity.app/Contents/Resources/UnitySubsystems
[Subsystems] Discovering subsystems at path /Users/cadephillips/Downloads/SnailDetective/SnailDetectiveGame/Assets
GfxDevice: creating device client; threaded=0
2021-02-17 17:03:18.959 Unity[76139:1367081] Color LCD preferred device: Intel(R) Iris(TM) Graphics 6000 (low power)
2021-02-17 17:03:18.959 Unity[76139:1367081] Metal devices available: 1
2021-02-17 17:03:18.959 Unity[76139:1367081] 0: Intel(R) Iris(TM) Graphics 6000 (low power)
2021-02-17 17:03:18.965 Unity[76139:1367081] Using device Intel(R) Iris(TM) Graphics 6000 (low power)
Initializing Metal device caps: Intel(R) Iris(TM) Graphics 6000
Initialize mono
Mono path[0] = '/Applications/Unity/Hub/Editor/2020.2.2f1/Unity.app/Contents/Managed'
Mono path[1] = '/Applications/Unity/Hub/Editor/2020.2.2f1/Unity.app/Contents/MonoBleedingEdge/lib/mono/unityjit'
Mono config path = '/Applications/Unity/Hub/Editor/2020.2.2f1/Unity.app/Contents/MonoBleedingEdge/etc'
Using monoOptions --debugger-agent=transport=dt_socket,embedding=1,server=y,suspend=n,address=127.0.0.1:56139
Begin MonoManager ReloadAssembly
Registering precompiled unity dll's ...
Register platform support module: /Applications/Unity/Hub/Editor/2020.2.2f1/PlaybackEngines/WebGLSupport/UnityEditor.WebGL.Extensions.dll
Register platform support module: /Applications/Unity/Hub/Editor/2020.2.2f1/Unity.app/Contents/PlaybackEngines/MacStandaloneSupport/UnityEditor.OSXStandalone.Extensions.dll
Registered in 0.007317 seconds.
Native extension for OSXStandalone target not found
Native extension for WebGL target not found
Refreshing native plugins compatible for Editor in 91.47 ms, found 2 plugins.
Preloading 0 native plugins for Editor in 0.00 ms.
Invoked RoslynAnalysisRunner static constructor.
RoslynAnalysisRunner will not be running.
RoslynAnalysisRunner has terminated.
Mono: successfully reloaded assembly
- Completed reload, in  4.549 seconds
Platform modules already initialized, skipping
Registering precompiled user dll's ...
Registered in 0.002373 seconds.
Begin MonoManager ReloadAssembly
Native extension for OSXStandalone target not found
Native extension for WebGL target not found
Refreshing native plugins compatible for Editor in 66.26 ms, found 2 plugins.
Preloading 0 native plugins for Editor in 0.00 ms.
Invoked RoslynAnalysisRunner static constructor.
RoslynAnalysisRunner will not be running.
RoslynAnalysisRunner has terminated.
Mono: successfully reloaded assembly
- Completed reload, in  1.836 seconds
Platform modules already initialized, skipping
========================================================================
Worker process is ready to serve import requests
Launching external process: /Applications/Unity/Hub/Editor/2020.2.2f1/Unity.app/Contents/Tools/UnityShaderCompiler
Launched and connected shader compiler UnityShaderCompiler after 0.03 seconds
Refreshing native plugins compatible for Editor in 0.51 ms, found 2 plugins.
Preloading 0 native plugins for Editor in 0.00 ms.
Unloading 1817 Unused Serialized files (Serialized files now loaded: 0)
System memory in use before: 145.6 MB.
System memory in use after: 145.6 MB.

Unloading 24 unused Assets to reduce memory usage. Loaded Objects now: 2261.
Total: 4.531126 ms (FindLiveObjects: 0.902709 ms CreateObjectMapping: 0.327621 ms MarkObjects: 3.098506 ms  DeleteObjects: 0.195997 ms)

========================================================================
Received Import Request.
  path: Assets/Scenes/park.unity
  artifactKey: Guid(94f61b8a51dff4f1999cc2871befd661) Importer(815301076,1909f56bfc062723c751e8b465ee728b)
Start importing Assets/Scenes/park.unity using Guid(94f61b8a51dff4f1999cc2871befd661) Importer(815301076,1909f56bfc062723c751e8b465ee728b)  -> (artifact id: '654bd82c036485c99f9a693108abaecd') in 0.028398 seconds
  Import took 0.036467 seconds .

========================================================================
Received Prepare
Refreshing native plugins compatible for Editor in 3.98 ms, found 2 plugins.
Preloading 0 native plugins for Editor in 0.00 ms.
Unloading 10 Unused Serialized files (Serialized files now loaded: 0)
System memory in use before: 109.4 MB.
System memory in use after: 109.4 MB.

Unloading 10 unused Assets to reduce memory usage. Loaded Objects now: 2261.
Total: 5.416523 ms (FindLiveObjects: 0.580512 ms CreateObjectMapping: 0.231355 ms MarkObjects: 4.407622 ms  DeleteObjects: 0.194643 ms)

========================================================================
Received Import Request.
  Time since last request: 246.990053 seconds.
  path: Assets/Scenes/Snail Crime.unity
  artifactKey: Guid(44b4ba2038062454b9ba3149f227ff3f) Importer(815301076,1909f56bfc062723c751e8b465ee728b)
Start importing Assets/Scenes/Snail Crime.unity using Guid(44b4ba2038062454b9ba3149f227ff3f) Importer(815301076,1909f56bfc062723c751e8b465ee728b)  -> (artifact id: '65a585541e487b20051b0857bdeaf433') in 0.002520 seconds
  Import took 0.007392 seconds .

========================================================================
Received Import Request.
  Time since last request: 0.019043 seconds.
  path: Assets/Scenes/Snail Crime.unity
  artifactKey: Guid(44b4ba2038062454b9ba3149f227ff3f) Importer(815301076,1909f56bfc062723c751e8b465ee728b)
Start importing Assets/Scenes/Snail Crime.unity using Guid(44b4ba2038062454b9ba3149f227ff3f) Importer(815301076,1909f56bfc062723c751e8b465ee728b)  -> (artifact id: '65a585541e487b20051b0857bdeaf433') in 0.002089 seconds
  Import took 0.007122 seconds .

========================================================================
Received Import Request.
  Time since last request: 8.972861 seconds.
  path: Assets/Scenes/park.unity
  artifactKey: Guid(94f61b8a51dff4f1999cc2871befd661) Importer(815301076,1909f56bfc062723c751e8b465ee728b)
Start importing Assets/Scenes/park.unity using Guid(94f61b8a51dff4f1999cc2871befd661) Importer(815301076,1909f56bfc062723c751e8b465ee728b)  -> (artifact id: 'cad870c0f71ac9d381503942d5679aff') in 0.006253 seconds
  Import took 0.012358 seconds .

========================================================================
Received Prepare
Registering precompiled user dll's ...
Registered in 0.001142 seconds.
Begin MonoManager ReloadAssembly
Native extension for OSXStandalone target not found
Native extension for WebGL target not found
Refreshing native plugins compatible for Editor in 0.49 ms, found 2 plugins.
Preloading 0 native plugins for Editor in 0.00 ms.
Invoked RoslynAnalysisRunner static constructor.
RoslynAnalysisRunner will not be running.
RoslynAnalysisRunner has terminated.
Mono: successfully reloaded assembly
- Completed reload, in  1.557 seconds
Platform modules already initialized, skipping
Refreshing native plugins compatible for Editor in 0.99 ms, found 2 plugins.
Preloading 0 native plugins for Editor in 0.00 ms.
Unloading 1799 Unused Serialized files (Serialized files now loaded: 0)
System memory in use before: 145.2 MB.
System memory in use after: 145.2 MB.

Unloading 12 unused Assets to reduce memory usage. Loaded Objects now: 2264.
Total: 4.935648 ms (FindLiveObjects: 0.668421 ms CreateObjectMapping: 0.184534 ms MarkObjects: 3.830934 ms  DeleteObjects: 0.248117 ms)

========================================================================
Received Import Request.
  Time since last request: 16.367392 seconds.
  path: Assets/Scenes/snailcrime.unity
  artifactKey: Guid(12e6f1fb28f55499d8082e2d62b9cf8f) Importer(815301076,1909f56bfc062723c751e8b465ee728b)
Start importing Assets/Scenes/snailcrime.unity using Guid(12e6f1fb28f55499d8082e2d62b9cf8f) Importer(815301076,1909f56bfc062723c751e8b465ee728b)  -> (artifact id: 'a3e1dff54732752c329e653d425fa5d0') in 0.027136 seconds
  Import took 0.031958 seconds .

========================================================================
Received Import Request.
  Time since last request: 5.905597 seconds.
  path: Assets/Scenes/SampleScene.unity
  artifactKey: Guid(2cda990e2423bbf4892e6590ba056729) Importer(815301076,1909f56bfc062723c751e8b465ee728b)
Start importing Assets/Scenes/SampleScene.unity using Guid(2cda990e2423bbf4892e6590ba056729) Importer(815301076,1909f56bfc062723c751e8b465ee728b)  -> (artifact id: '4e76f3cbe05d5ed2fa4f84100c6dd4dc') in 0.003428 seconds
  Import took 0.010534 seconds .

========================================================================
Received Prepare
Registering precompiled user dll's ...
Registered in 0.001789 seconds.
Begin MonoManager ReloadAssembly
Native extension for OSXStandalone target not found
Native extension for WebGL target not found
Refreshing native plugins compatible for Editor in 0.59 ms, found 2 plugins.
Preloading 0 native plugins for Editor in 0.00 ms.
Invoked RoslynAnalysisRunner static constructor.
RoslynAnalysisRunner will not be running.
RoslynAnalysisRunner has terminated.
Mono: successfully reloaded assembly
- Completed reload, in  1.521 seconds
Platform modules already initialized, skipping
Refreshing native plugins compatible for Editor in 0.81 ms, found 2 plugins.
Preloading 0 native plugins for Editor in 0.00 ms.
Unloading 1799 Unused Serialized files (Serialized files now loaded: 0)
System memory in use before: 145.6 MB.
System memory in use after: 145.6 MB.

Unloading 12 unused Assets to reduce memory usage. Loaded Objects now: 2267.
Total: 4.284089 ms (FindLiveObjects: 0.583058 ms CreateObjectMapping: 0.168138 ms MarkObjects: 3.306072 ms  DeleteObjects: 0.223656 ms)

========================================================================
Received Prepare
Registering precompiled user dll's ...
Registered in 0.002638 seconds.
Begin MonoManager ReloadAssembly
Native extension for OSXStandalone target not found
Native extension for WebGL target not found
Refreshing native plugins compatible for Editor in 0.59 ms, found 2 plugins.
Preloading 0 native plugins for Editor in 0.00 ms.
Invoked RoslynAnalysisRunner static constructor.
RoslynAnalysisRunner will not be running.
RoslynAnalysisRunner has terminated.
Mono: successfully reloaded assembly
- Completed reload, in  1.488 seconds
Platform modules already initialized, skipping
Refreshing native plugins compatible for Editor in 0.55 ms, found 2 plugins.
Preloading 0 native plugins for Editor in 0.00 ms.
Unloading 1799 Unused Serialized files (Serialized files now loaded: 0)
System memory in use before: 146.0 MB.
System memory in use after: 146.0 MB.

Unloading 12 unused Assets to reduce memory usage. Loaded Objects now: 2270.
Total: 5.701721 ms (FindLiveObjects: 0.625310 ms CreateObjectMapping: 0.271534 ms MarkObjects: 4.515025 ms  DeleteObjects: 0.165260 ms)

========================================================================
Received Import Request.
  Time since last request: 360.758918 seconds.
  path: Assets/Scenes/crimealley.unity
  artifactKey: Guid(c80e7a8c1fc6d48499330cad48a08ea2) Importer(815301076,1909f56bfc062723c751e8b465ee728b)
Start importing Assets/Scenes/crimealley.unity using Guid(c80e7a8c1fc6d48499330cad48a08ea2) Importer(815301076,1909f56bfc062723c751e8b465ee728b)  -> (artifact id: '94824c94cb3ca9d27d4bf679c77a7d18') in 0.030038 seconds
  Import took 0.041614 seconds .

========================================================================
Received Prepare
Registering precompiled user dll's ...
Registered in 0.007719 seconds.
Begin MonoManager ReloadAssembly
Native extension for OSXStandalone target not found
Native extension for WebGL target not found
Refreshing native plugins compatible for Editor in 0.49 ms, found 2 plugins.
Preloading 0 native plugins for Editor in 0.00 ms.
Invoked RoslynAnalysisRunner static constructor.
RoslynAnalysisRunner will not be running.
RoslynAnalysisRunner has terminated.
Mono: successfully reloaded assembly
- Completed reload, in  1.620 seconds
Platform modules already initialized, skipping
Refreshing native plugins compatible for Editor in 0.97 ms, found 2 plugins.
Preloading 0 native plugins for Editor in 0.00 ms.
Unloading 1799 Unused Serialized files (Serialized files now loaded: 0)
System memory in use before: 146.2 MB.
System memory in use after: 146.2 MB.

Unloading 12 unused Assets to reduce memory usage. Loaded Objects now: 2273.
Total: 5.204681 ms (FindLiveObjects: 0.406599 ms CreateObjectMapping: 0.137683 ms MarkObjects: 4.388334 ms  DeleteObjects: 0.268171 ms)

========================================================================
Received Import Request.
  Time since last request: 160.764148 seconds.
  path: Assets/Scripts/FinalMessage.cs
  artifactKey: Guid(28ead6660022643e7b43d6a8216c1340) Importer(815301076,1909f56bfc062723c751e8b465ee728b)
Start importing Assets/Scripts/FinalMessage.cs using Guid(28ead6660022643e7b43d6a8216c1340) Importer(815301076,1909f56bfc062723c751e8b465ee728b)  -> (artifact id: 'a5ce769a1b115f871f5436b044da09c5') in 0.529521 seconds
  Import took 0.541231 seconds .

========================================================================
Received Prepare
Registering precompiled user dll's ...
Registered in 0.002210 seconds.
Begin MonoManager ReloadAssembly
Native extension for OSXStandalone target not found
Native extension for WebGL target not found
Refreshing native plugins compatible for Editor in 0.49 ms, found 2 plugins.
Preloading 0 native plugins for Editor in 0.00 ms.
Invoked RoslynAnalysisRunner static constructor.
RoslynAnalysisRunner will not be running.
RoslynAnalysisRunner has terminated.
Mono: successfully reloaded assembly
- Completed reload, in  1.681 seconds
Platform modules already initialized, skipping
Refreshing native plugins compatible for Editor in 0.56 ms, found 2 plugins.
Preloading 0 native plugins for Editor in 0.00 ms.
Unloading 1800 Unused Serialized files (Serialized files now loaded: 0)
System memory in use before: 151.3 MB.
System memory in use after: 151.3 MB.

Unloading 12 unused Assets to reduce memory usage. Loaded Objects now: 2277.
Total: 4.580410 ms (FindLiveObjects: 0.447862 ms CreateObjectMapping: 0.141146 ms MarkObjects: 3.766322 ms  DeleteObjects: 0.221880 ms)

========================================================================
Received Prepare
Registering precompiled user dll's ...
Registered in 0.002497 seconds.
Begin MonoManager ReloadAssembly
Native extension for OSXStandalone target not found
Native extension for WebGL target not found
Refreshing native plugins compatible for Editor in 0.50 ms, found 2 plugins.
Preloading 0 native plugins for Editor in 0.00 ms.
Invoked RoslynAnalysisRunner static constructor.
RoslynAnalysisRunner will not be running.
RoslynAnalysisRunner has terminated.
Mono: successfully reloaded assembly
- Completed reload, in  1.863 seconds
Platform modules already initialized, skipping
Refreshing native plugins compatible for Editor in 0.58 ms, found 2 plugins.
Preloading 0 native plugins for Editor in 0.00 ms.
Unloading 1800 Unused Serialized files (Serialized files now loaded: 0)
System memory in use before: 151.7 MB.
System memory in use after: 151.7 MB.

Unloading 12 unused Assets to reduce memory usage. Loaded Objects now: 2280.
Total: 3.146586 ms (FindLiveObjects: 0.361853 ms CreateObjectMapping: 0.140005 ms MarkObjects: 2.490969 ms  DeleteObjects: 0.152201 ms)

========================================================================
Received Import Request.
  Time since last request: 36.516195 seconds.
  path: Assets/Scripts/FinalMessage.cs
  artifactKey: Guid(28ead6660022643e7b43d6a8216c1340) Importer(815301076,1909f56bfc062723c751e8b465ee728b)
Start importing Assets/Scripts/FinalMessage.cs using Guid(28ead6660022643e7b43d6a8216c1340) Importer(815301076,1909f56bfc062723c751e8b465ee728b)  -> (artifact id: 'd29e5c4a87c564cd922e16f1222a6905') in 0.009717 seconds
  Import took 0.015601 seconds .

========================================================================
Received Import Request.
  Time since last request: 27.809297 seconds.
  path: Assets/Scenes/SampleScene.unity
  artifactKey: Guid(2cda990e2423bbf4892e6590ba056729) Importer(815301076,1909f56bfc062723c751e8b465ee728b)
Start importing Assets/Scenes/SampleScene.unity using Guid(2cda990e2423bbf4892e6590ba056729) Importer(815301076,1909f56bfc062723c751e8b465ee728b)  -> (artifact id: 'd72cc9036f1eccaf901f56a13faf6b2c') in 0.017994 seconds
  Import took 0.022484 seconds .

========================================================================
Received Import Request.
  Time since last request: 0.001347 seconds.
  path: Assets/Scenes/SampleScene.unity
  artifactKey: Guid(2cda990e2423bbf4892e6590ba056729) Importer(815301076,1909f56bfc062723c751e8b465ee728b)
Start importing Assets/Scenes/SampleScene.unity using Guid(2cda990e2423bbf4892e6590ba056729) Importer(815301076,1909f56bfc062723c751e8b465ee728b)  -> (artifact id: 'd72cc9036f1eccaf901f56a13faf6b2c') in 0.006217 seconds
  Import took 0.012915 seconds .

========================================================================
Received Import Request.
  Time since last request: 43.216565 seconds.
  path: Assets/Scenes/crimealley.unity
  artifactKey: Guid(c80e7a8c1fc6d48499330cad48a08ea2) Importer(815301076,1909f56bfc062723c751e8b465ee728b)
Start importing Assets/Scenes/crimealley.unity using Guid(c80e7a8c1fc6d48499330cad48a08ea2) Importer(815301076,1909f56bfc062723c751e8b465ee728b)  -> (artifact id: '61dfc7bceff14a2e2fae648d2f9d2a17') in 0.005267 seconds
  Import took 0.011788 seconds .

========================================================================
Received Prepare
Registering precompiled user dll's ...
Registered in 0.001839 seconds.
Begin MonoManager ReloadAssembly
Native extension for OSXStandalone target not found
Native extension for WebGL target not found
Refreshing native plugins compatible for Editor in 0.48 ms, found 2 plugins.
Preloading 0 native plugins for Editor in 0.00 ms.
Invoked RoslynAnalysisRunner static constructor.
RoslynAnalysisRunner will not be running.
RoslynAnalysisRunner has terminated.
Mono: successfully reloaded assembly
- Completed reload, in  1.659 seconds
Platform modules already initialized, skipping
Refreshing native plugins compatible for Editor in 0.51 ms, found 2 plugins.
Preloading 0 native plugins for Editor in 0.00 ms.
Unloading 1800 Unused Serialized files (Serialized files now loaded: 0)
System memory in use before: 152.1 MB.
System memory in use after: 152.1 MB.

Unloading 12 unused Assets to reduce memory usage. Loaded Objects now: 2283.
Total: 5.283505 ms (FindLiveObjects: 0.563563 ms CreateObjectMapping: 0.220096 ms MarkObjects: 4.273160 ms  DeleteObjects: 0.223680 ms)

========================================================================
Received Prepare
Registering precompiled user dll's ...
Registered in 0.002763 seconds.
Begin MonoManager ReloadAssembly
Native extension for OSXStandalone target not found
Native extension for WebGL target not found
Refreshing native plugins compatible for Editor in 0.83 ms, found 2 plugins.
Preloading 0 native plugins for Editor in 0.00 ms.
Invoked RoslynAnalysisRunner static constructor.
RoslynAnalysisRunner will not be running.
RoslynAnalysisRunner has terminated.
Mono: successfully reloaded assembly
- Completed reload, in  1.856 seconds
Platform modules already initialized, skipping
Refreshing native plugins compatible for Editor in 0.50 ms, found 2 plugins.
Preloading 0 native plugins for Editor in 0.00 ms.
Unloading 1800 Unused Serialized files (Serialized files now loaded: 0)
System memory in use before: 152.5 MB.
System memory in use after: 152.4 MB.

Unloading 12 unused Assets to reduce memory usage. Loaded Objects now: 2286.
Total: 5.107883 ms (FindLiveObjects: 0.486838 ms CreateObjectMapping: 0.258266 ms MarkObjects: 4.166517 ms  DeleteObjects: 0.190243 ms)

========================================================================
Received Import Request.
  Time since last request: 206.605164 seconds.
  path: Assets/Scenes/Snail Crime.unity
  artifactKey: Guid(44b4ba2038062454b9ba3149f227ff3f) Importer(815301076,1909f56bfc062723c751e8b465ee728b)
Start importing Assets/Scenes/Snail Crime.unity using Guid(44b4ba2038062454b9ba3149f227ff3f) Importer(815301076,1909f56bfc062723c751e8b465ee728b)  -> (artifact id: 'f4abe86a4a672a044e9983d9131d43f0') in 0.027013 seconds
  Import took 0.033516 seconds .

========================================================================
Received Prepare
Registering precompiled user dll's ...
Registered in 0.002824 seconds.
Begin MonoManager ReloadAssembly
Native extension for OSXStandalone target not found
Native extension for WebGL target not found
Refreshing native plugins compatible for Editor in 0.53 ms, found 2 plugins.
Preloading 0 native plugins for Editor in 0.00 ms.
Invoked RoslynAnalysisRunner static constructor.
RoslynAnalysisRunner will not be running.
RoslynAnalysisRunner has terminated.
Mono: successfully reloaded assembly
- Completed reload, in  1.658 seconds
Platform modules already initialized, skipping
Refreshing native plugins compatible for Editor in 0.51 ms, found 2 plugins.
Preloading 0 native plugins for Editor in 0.00 ms.
Unloading 1800 Unused Serialized files (Serialized files now loaded: 0)
System memory in use before: 152.7 MB.
System memory in use after: 152.7 MB.

Unloading 12 unused Assets to reduce memory usage. Loaded Objects now: 2289.
Total: 3.395503 ms (FindLiveObjects: 0.494830 ms CreateObjectMapping: 0.168735 ms MarkObjects: 2.577440 ms  DeleteObjects: 0.150877 ms)

========================================================================
Received Prepare
Registering precompiled user dll's ...
Registered in 0.001204 seconds.
Begin MonoManager ReloadAssembly
Native extension for OSXStandalone target not found
Native extension for WebGL target not found
Refreshing native plugins compatible for Editor in 0.66 ms, found 2 plugins.
Preloading 0 native plugins for Editor in 0.00 ms.
Invoked RoslynAnalysisRunner static constructor.
RoslynAnalysisRunner will not be running.
RoslynAnalysisRunner has terminated.
Mono: successfully reloaded assembly
- Completed reload, in  1.574 seconds
Platform modules already initialized, skipping
Refreshing native plugins compatible for Editor in 0.49 ms, found 2 plugins.
Preloading 0 native plugins for Editor in 0.00 ms.
Unloading 1800 Unused Serialized files (Serialized files now loaded: 0)
System memory in use before: 152.2 MB.
System memory in use after: 152.2 MB.

Unloading 12 unused Assets to reduce memory usage. Loaded Objects now: 2292.
Total: 3.126846 ms (FindLiveObjects: 0.395942 ms CreateObjectMapping: 0.159800 ms MarkObjects: 2.419250 ms  DeleteObjects: 0.149786 ms)

========================================================================
Received Prepare
Registering precompiled user dll's ...
Registered in 0.000931 seconds.
Begin MonoManager ReloadAssembly
Native extension for OSXStandalone target not found
Native extension for WebGL target not found
Refreshing native plugins compatible for Editor in 0.49 ms, found 2 plugins.
Preloading 0 native plugins for Editor in 0.00 ms.
Invoked RoslynAnalysisRunner static constructor.
RoslynAnalysisRunner will not be running.
RoslynAnalysisRunner has terminated.
Mono: successfully reloaded assembly
- Completed reload, in  1.456 seconds
Platform modules already initialized, skipping
Refreshing native plugins compatible for Editor in 0.50 ms, found 2 plugins.
Preloading 0 native plugins for Editor in 0.00 ms.
Unloading 1800 Unused Serialized files (Serialized files now loaded: 0)
System memory in use before: 152.6 MB.
System memory in use after: 152.6 MB.

Unloading 12 unused Assets to reduce memory usage. Loaded Objects now: 2295.
Total: 2.960890 ms (FindLiveObjects: 0.336753 ms CreateObjectMapping: 0.140980 ms MarkObjects: 2.349766 ms  DeleteObjects: 0.131073 ms)

========================================================================
Received Prepare
Registering precompiled user dll's ...
Registered in 0.002173 seconds.
Begin MonoManager ReloadAssembly
Native extension for OSXStandalone target not found
Native extension for WebGL target not found
Refreshing native plugins compatible for Editor in 1.28 ms, found 2 plugins.
Preloading 0 native plugins for Editor in 0.00 ms.
Invoked RoslynAnalysisRunner static constructor.
RoslynAnalysisRunner will not be running.
RoslynAnalysisRunner has terminated.
Mono: successfully reloaded assembly
- Completed reload, in  1.878 seconds
Platform modules already initialized, skipping
Refreshing native plugins compatible for Editor in 0.59 ms, found 2 plugins.
Preloading 0 native plugins for Editor in 0.00 ms.
Unloading 1800 Unused Serialized files (Serialized files now loaded: 0)
System memory in use before: 153.0 MB.
System memory in use after: 153.0 MB.

Unloading 12 unused Assets to reduce memory usage. Loaded Objects now: 2298.
Total: 2.645020 ms (FindLiveObjects: 0.306230 ms CreateObjectMapping: 0.087959 ms MarkObjects: 2.113194 ms  DeleteObjects: 0.135194 ms)

========================================================================
Received Import Request.
  Time since last request: 253.017054 seconds.
  path: Assets/Scenes/crimealley.unity
  artifactKey: Guid(c80e7a8c1fc6d48499330cad48a08ea2) Importer(815301076,1909f56bfc062723c751e8b465ee728b)
Start importing Assets/Scenes/crimealley.unity using Guid(c80e7a8c1fc6d48499330cad48a08ea2) Importer(815301076,1909f56bfc062723c751e8b465ee728b)  -> (artifact id: 'bd26a4dbf9f5ee4294e1015d21a31f61') in 0.027165 seconds
  Import took 0.032465 seconds .

========================================================================
Received Prepare
Registering precompiled user dll's ...
Registered in 0.004311 seconds.
Begin MonoManager ReloadAssembly
Native extension for OSXStandalone target not found
Native extension for WebGL target not found
Refreshing native plugins compatible for Editor in 0.71 ms, found 2 plugins.
Preloading 0 native plugins for Editor in 0.00 ms.
Invoked RoslynAnalysisRunner static constructor.
RoslynAnalysisRunner will not be running.
RoslynAnalysisRunner has terminated.
Mono: successfully reloaded assembly
- Completed reload, in  2.010 seconds
Platform modules already initialized, skipping
Refreshing native plugins compatible for Editor in 0.84 ms, found 2 plugins.
Preloading 0 native plugins for Editor in 0.00 ms.
Unloading 1800 Unused Serialized files (Serialized files now loaded: 0)
System memory in use before: 153.4 MB.
System memory in use after: 153.4 MB.

Unloading 12 unused Assets to reduce memory usage. Loaded Objects now: 2301.
Total: 4.855765 ms (FindLiveObjects: 0.458178 ms CreateObjectMapping: 0.137020 ms MarkObjects: 4.025590 ms  DeleteObjects: 0.231971 ms)

========================================================================
Received Prepare
Registering precompiled user dll's ...
Registered in 0.002843 seconds.
Begin MonoManager ReloadAssembly
Native extension for OSXStandalone target not found
Native extension for WebGL target not found
Refreshing native plugins compatible for Editor in 0.85 ms, found 2 plugins.
Preloading 0 native plugins for Editor in 0.00 ms.
Invoked RoslynAnalysisRunner static constructor.
RoslynAnalysisRunner will not be running.
RoslynAnalysisRunner has terminated.
Mono: successfully reloaded assembly
- Completed reload, in  1.704 seconds
Platform modules already initialized, skipping
Refreshing native plugins compatible for Editor in 0.47 ms, found 2 plugins.
Preloading 0 native plugins for Editor in 0.00 ms.
Unloading 1800 Unused Serialized files (Serialized files now loaded: 0)
System memory in use before: 153.7 MB.
System memory in use after: 153.7 MB.

Unloading 12 unused Assets to reduce memory usage. Loaded Objects now: 2304.
Total: 3.535933 ms (FindLiveObjects: 0.619415 ms CreateObjectMapping: 0.278661 ms MarkObjects: 2.488763 ms  DeleteObjects: 0.146787 ms)

========================================================================
Received Prepare
Registering precompiled user dll's ...
Registered in 0.000892 seconds.
Begin MonoManager ReloadAssembly
Native extension for OSXStandalone target not found
Native extension for WebGL target not found
Refreshing native plugins compatible for Editor in 0.53 ms, found 2 plugins.
Preloading 0 native plugins for Editor in 0.00 ms.
Invoked RoslynAnalysisRunner static constructor.
RoslynAnalysisRunner will not be running.
RoslynAnalysisRunner has terminated.
Mono: successfully reloaded assembly
- Completed reload, in  2.061 seconds
Platform modules already initialized, skipping
Refreshing native plugins compatible for Editor in 0.48 ms, found 2 plugins.
Preloading 0 native plugins for Editor in 0.00 ms.
Unloading 1800 Unused Serialized files (Serialized files now loaded: 0)
System memory in use before: 153.1 MB.
System memory in use after: 153.1 MB.

Unloading 12 unused Assets to reduce memory usage. Loaded Objects now: 2307.
Total: 4.524974 ms (FindLiveObjects: 0.441932 ms CreateObjectMapping: 0.137448 ms MarkObjects: 3.709872 ms  DeleteObjects: 0.231546 ms)

